OSDP PD Frame-in:0001 Timestamp:20160925-092308 (Sec/Nanosec: 1474820588 353587236)
      Raw: 53 80 08 00 06 40 3b ca
  Message: osdp_ACK    Addr:00 Lth:8. CTRL 06 Cmd 40 Seq:02 Sec 0 CRC ca3b(4)
OSDP CP Frame-in:0002 Timestamp:20160925-092311 (Sec/Nanosec: 1474820591 271349370)
      Raw: 53 00 09 00 07 61 00 90 3f
  Message: osdp_ID     Addr:00 Lth:9. CTRL 07 Cmd 61 Seq:03 Sec 0 CRC 3f90(4)
OSDP PD Frame-in:0003 Timestamp:20160925-092311 (Sec/Nanosec: 1474820591 296450204)
      Raw: 53 80 14 00 07 45 08 00 1b 02 01 ca fe de ad 01 00 0a e8 1a
  Message: osdp_PDID   Addr:00 Lth:20. CTRL 07 Cmd 45 Seq:03 Sec 0 CRC 1ae8(4)
  PD Identification
    OUI 08-00-1b Model 2 Ver 1 SN cafedead FW 1.0 Build 10
OSDP CP Frame-in:0004 Timestamp:20160925-092312 (Sec/Nanosec: 1474820592 308451401)
      Raw: 53 00 08 00 05 60 da 99
  Message: osdp_POLL   Addr:00 Lth:8. CTRL 05 Cmd 60 Seq:01 Sec 0 CRC 99da(4)
OSDP PD Frame-in:0005 Timestamp:20160925-092312 (Sec/Nanosec: 1474820592 318185568)
      Raw: 53 80 08 00 05 40 68 9f
  Message: osdp_ACK    Addr:00 Lth:8. CTRL 05 Cmd 40 Seq:01 Sec 0 CRC 9f68(4)
OSDP CP Frame-in:0006 Timestamp:20160925-092316 (Sec/Nanosec: 1474820596 333873483)
      Raw: 53 00 08 00 06 60 89 cc
  Message: osdp_POLL   Addr:00 Lth:8. CTRL 06 Cmd 60 Seq:02 Sec 0 CRC cc89(4)
      Raw: 53 00 08 00 06 60 89 cc

